#! /c/Source/iverilog-install/bin/vvp
:ivl_version "12.0 (devel)" "(s20150603-1539-g2693dd32b)";
:ivl_delay_selection "TYPICAL";
:vpi_time_precision + 0;
:vpi_module "C:\iverilog\lib\ivl\system.vpi";
:vpi_module "C:\iverilog\lib\ivl\vhdl_sys.vpi";
:vpi_module "C:\iverilog\lib\ivl\vhdl_textio.vpi";
:vpi_module "C:\iverilog\lib\ivl\v2005_math.vpi";
:vpi_module "C:\iverilog\lib\ivl\va_math.vpi";
S_0000024b7783bd00 .scope module, "ALU" "ALU" 2 1;
 .timescale 0 0;
    .port_info 0 /INPUT 32 "A";
    .port_info 1 /INPUT 32 "B";
    .port_info 2 /OUTPUT 32 "Result";
    .port_info 3 /INPUT 3 "ALUControl";
    .port_info 4 /OUTPUT 1 "OverFlow";
    .port_info 5 /OUTPUT 1 "Carry";
    .port_info 6 /OUTPUT 1 "Zero";
    .port_info 7 /OUTPUT 1 "Negative";
L_0000024b7793a0c8 .functor BUFT 1, C4<0>, C4<0>, C4<0>, C4<0>;
L_0000024b7785c6b0 .functor XNOR 1, L_0000024b77936bb0, L_0000024b7793a0c8, C4<0>, C4<0>;
o0000024b77891df8 .functor BUFZ 32, C4<zzzzzzzzzzzzzzzzzzzzzzzzzzzzzzzz>; HiZ drive
L_0000024b7785ce20 .functor NOT 32, o0000024b77891df8, C4<00000000000000000000000000000000>, C4<00000000000000000000000000000000>, C4<00000000000000000000000000000000>;
L_0000024b7785c8e0 .functor AND 33, L_0000024b77938370, L_0000024b779371f0, C4<111111111111111111111111111111111>, C4<111111111111111111111111111111111>;
L_0000024b779924b0 .functor OR 33, L_0000024b77936110, L_0000024b779378d0, C4<000000000000000000000000000000000>, C4<000000000000000000000000000000000>;
L_0000024b77992980 .functor XOR 1, L_0000024b77938550, L_0000024b77937290, C4<0>, C4<0>;
L_0000024b779923d0 .functor XOR 1, L_0000024b77936750, L_0000024b77938190, C4<0>, C4<0>;
L_0000024b77992750 .functor XOR 1, L_0000024b779923d0, L_0000024b77936930, C4<0>, C4<0>;
L_0000024b77992ad0 .functor NOT 1, L_0000024b77992750, C4<0>, C4<0>, C4<0>;
L_0000024b77992830 .functor AND 1, L_0000024b77992980, L_0000024b77992ad0, C4<1>, C4<1>;
L_0000024b77992130 .functor NOT 1, L_0000024b77937e70, C4<0>, C4<0>, C4<0>;
L_0000024b77992280 .functor AND 1, L_0000024b77992830, L_0000024b77992130, C4<1>, C4<1>;
L_0000024b77992ec0 .functor NOT 1, L_0000024b779361b0, C4<0>, C4<0>, C4<0>;
L_0000024b77992210 .functor AND 1, L_0000024b77992ec0, L_0000024b77936610, C4<1>, C4<1>;
L_0000024b779922f0 .functor NOT 32, L_0000024b77937790, C4<00000000000000000000000000000000>, C4<00000000000000000000000000000000>, C4<00000000000000000000000000000000>;
o0000024b77891d98 .functor BUFZ 32, C4<zzzzzzzzzzzzzzzzzzzzzzzzzzzzzzzz>; HiZ drive
v0000024b77889d90_0 .net "A", 31 0, o0000024b77891d98;  0 drivers
o0000024b77891dc8 .functor BUFZ 3, C4<zzz>; HiZ drive
v0000024b7788a510_0 .net "ALUControl", 2 0, o0000024b77891dc8;  0 drivers
v0000024b7788a470_0 .net "B", 31 0, o0000024b77891df8;  0 drivers
v0000024b7788af10_0 .net "Carry", 0 0, L_0000024b77992210;  1 drivers
v0000024b7788a5b0_0 .net "Cout", 0 0, L_0000024b77936610;  1 drivers
v0000024b77889b10_0 .net "Negative", 0 0, L_0000024b779370b0;  1 drivers
v0000024b77889bb0_0 .net "OverFlow", 0 0, L_0000024b77992280;  1 drivers
v0000024b7788a790_0 .net "Result", 31 0, L_0000024b77937790;  1 drivers
v0000024b77889f70_0 .net "Sum", 31 0, L_0000024b77937830;  1 drivers
v0000024b7788a650_0 .net "Zero", 0 0, L_0000024b779382d0;  1 drivers
v0000024b7788afb0_0 .net *"_ivl_1", 0 0, L_0000024b77936bb0;  1 drivers
L_0000024b7793a110 .functor BUFT 1, C4<00000000000000000000000000000001>, C4<0>, C4<0>, C4<0>;
v0000024b7788a970_0 .net/2u *"_ivl_10", 31 0, L_0000024b7793a110;  1 drivers
v0000024b7788aa10_0 .net *"_ivl_100", 0 0, L_0000024b77936930;  1 drivers
v0000024b7788aab0_0 .net *"_ivl_101", 0 0, L_0000024b77992750;  1 drivers
v0000024b7788ab50_0 .net *"_ivl_103", 0 0, L_0000024b77992ad0;  1 drivers
v0000024b7788b050_0 .net *"_ivl_105", 0 0, L_0000024b77992830;  1 drivers
v0000024b7788b0f0_0 .net *"_ivl_108", 0 0, L_0000024b77937e70;  1 drivers
v0000024b778e9760_0 .net *"_ivl_109", 0 0, L_0000024b77992130;  1 drivers
v0000024b778e9260_0 .net *"_ivl_114", 0 0, L_0000024b779361b0;  1 drivers
v0000024b778e9120_0 .net *"_ivl_115", 0 0, L_0000024b77992ec0;  1 drivers
v0000024b778e9a80_0 .net *"_ivl_119", 31 0, L_0000024b779922f0;  1 drivers
v0000024b778e9440_0 .net *"_ivl_12", 31 0, L_0000024b77936e30;  1 drivers
v0000024b778e9300_0 .net *"_ivl_14", 31 0, L_0000024b77937150;  1 drivers
v0000024b778eaf20_0 .net/2u *"_ivl_2", 0 0, L_0000024b7793a0c8;  1 drivers
L_0000024b7793a158 .functor BUFT 1, C4<000>, C4<0>, C4<0>, C4<0>;
v0000024b778ea340_0 .net/2u *"_ivl_21", 2 0, L_0000024b7793a158;  1 drivers
v0000024b778e9800_0 .net *"_ivl_23", 0 0, L_0000024b77937010;  1 drivers
v0000024b778e98a0_0 .net *"_ivl_25", 32 0, L_0000024b77936570;  1 drivers
L_0000024b7793a1a0 .functor BUFT 1, C4<0>, C4<0>, C4<0>, C4<0>;
v0000024b778ea2a0_0 .net *"_ivl_28", 0 0, L_0000024b7793a1a0;  1 drivers
L_0000024b7793a1e8 .functor BUFT 1, C4<001>, C4<0>, C4<0>, C4<0>;
v0000024b778eae80_0 .net/2u *"_ivl_29", 2 0, L_0000024b7793a1e8;  1 drivers
v0000024b778e9080_0 .net *"_ivl_31", 0 0, L_0000024b77937dd0;  1 drivers
v0000024b778ea3e0_0 .net *"_ivl_33", 32 0, L_0000024b77937c90;  1 drivers
L_0000024b7793a230 .functor BUFT 1, C4<0>, C4<0>, C4<0>, C4<0>;
v0000024b778e9940_0 .net *"_ivl_36", 0 0, L_0000024b7793a230;  1 drivers
L_0000024b7793a278 .functor BUFT 1, C4<010>, C4<0>, C4<0>, C4<0>;
v0000024b778e9580_0 .net/2u *"_ivl_37", 2 0, L_0000024b7793a278;  1 drivers
v0000024b778e99e0_0 .net *"_ivl_39", 0 0, L_0000024b779364d0;  1 drivers
v0000024b778e9620_0 .net *"_ivl_4", 0 0, L_0000024b7785c6b0;  1 drivers
v0000024b778e94e0_0 .net *"_ivl_41", 32 0, L_0000024b77938370;  1 drivers
L_0000024b7793a2c0 .functor BUFT 1, C4<0>, C4<0>, C4<0>, C4<0>;
v0000024b778e91c0_0 .net *"_ivl_44", 0 0, L_0000024b7793a2c0;  1 drivers
v0000024b778ea840_0 .net *"_ivl_45", 32 0, L_0000024b779371f0;  1 drivers
L_0000024b7793a308 .functor BUFT 1, C4<0>, C4<0>, C4<0>, C4<0>;
v0000024b778e9f80_0 .net *"_ivl_48", 0 0, L_0000024b7793a308;  1 drivers
v0000024b778e96c0_0 .net *"_ivl_49", 32 0, L_0000024b7785c8e0;  1 drivers
L_0000024b7793a350 .functor BUFT 1, C4<011>, C4<0>, C4<0>, C4<0>;
v0000024b778e93a0_0 .net/2u *"_ivl_51", 2 0, L_0000024b7793a350;  1 drivers
v0000024b778eac00_0 .net *"_ivl_53", 0 0, L_0000024b77937510;  1 drivers
v0000024b778ea480_0 .net *"_ivl_55", 32 0, L_0000024b77936110;  1 drivers
L_0000024b7793a398 .functor BUFT 1, C4<0>, C4<0>, C4<0>, C4<0>;
v0000024b778e9b20_0 .net *"_ivl_58", 0 0, L_0000024b7793a398;  1 drivers
v0000024b778e9bc0_0 .net *"_ivl_59", 32 0, L_0000024b779378d0;  1 drivers
v0000024b778ea5c0_0 .net *"_ivl_6", 31 0, L_0000024b77937bf0;  1 drivers
L_0000024b7793a3e0 .functor BUFT 1, C4<0>, C4<0>, C4<0>, C4<0>;
v0000024b778e9d00_0 .net *"_ivl_62", 0 0, L_0000024b7793a3e0;  1 drivers
v0000024b778e9c60_0 .net *"_ivl_63", 32 0, L_0000024b779924b0;  1 drivers
L_0000024b7793a428 .functor BUFT 1, C4<101>, C4<0>, C4<0>, C4<0>;
v0000024b778e9e40_0 .net/2u *"_ivl_65", 2 0, L_0000024b7793a428;  1 drivers
v0000024b778ea200_0 .net *"_ivl_67", 0 0, L_0000024b779384b0;  1 drivers
L_0000024b7793a470 .functor BUFT 1, C4<00000000000000000000000000000000>, C4<0>, C4<0>, C4<0>;
v0000024b778ea0c0_0 .net/2u *"_ivl_69", 31 0, L_0000024b7793a470;  1 drivers
v0000024b778e9da0_0 .net *"_ivl_72", 0 0, L_0000024b779366b0;  1 drivers
v0000024b778ea520_0 .net *"_ivl_73", 32 0, L_0000024b77936250;  1 drivers
L_0000024b7793a4b8 .functor BUFT 1, C4<000000000000000000000000000000000>, C4<0>, C4<0>, C4<0>;
v0000024b778eaca0_0 .net/2u *"_ivl_75", 32 0, L_0000024b7793a4b8;  1 drivers
v0000024b778e9ee0_0 .net *"_ivl_77", 32 0, L_0000024b77938870;  1 drivers
v0000024b778ea020_0 .net *"_ivl_79", 32 0, L_0000024b77937d30;  1 drivers
v0000024b778eab60_0 .net *"_ivl_8", 31 0, L_0000024b7785ce20;  1 drivers
v0000024b778ea160_0 .net *"_ivl_81", 32 0, L_0000024b779367f0;  1 drivers
v0000024b778ea700_0 .net *"_ivl_83", 32 0, L_0000024b779369d0;  1 drivers
v0000024b778ea8e0_0 .net *"_ivl_85", 32 0, L_0000024b779375b0;  1 drivers
v0000024b778ea660_0 .net *"_ivl_88", 0 0, L_0000024b77938550;  1 drivers
v0000024b778ea7a0_0 .net *"_ivl_90", 0 0, L_0000024b77937290;  1 drivers
v0000024b778ea980_0 .net *"_ivl_91", 0 0, L_0000024b77992980;  1 drivers
v0000024b778eaa20_0 .net *"_ivl_94", 0 0, L_0000024b77936750;  1 drivers
v0000024b778eaac0_0 .net *"_ivl_96", 0 0, L_0000024b77938190;  1 drivers
v0000024b778ead40_0 .net *"_ivl_97", 0 0, L_0000024b779923d0;  1 drivers
L_0000024b77936bb0 .part o0000024b77891dc8, 0, 1;
L_0000024b77937bf0 .arith/sum 32, o0000024b77891d98, o0000024b77891df8;
L_0000024b77936e30 .arith/sum 32, L_0000024b7785ce20, L_0000024b7793a110;
L_0000024b77937150 .arith/sum 32, o0000024b77891d98, L_0000024b77936e30;
L_0000024b77937830 .functor MUXZ 32, L_0000024b77937150, L_0000024b77937bf0, L_0000024b7785c6b0, C4<>;
L_0000024b77936610 .part L_0000024b779375b0, 32, 1;
L_0000024b77937790 .part L_0000024b779375b0, 0, 32;
L_0000024b77937010 .cmp/eq 3, o0000024b77891dc8, L_0000024b7793a158;
L_0000024b77936570 .concat [ 32 1 0 0], L_0000024b77937830, L_0000024b7793a1a0;
L_0000024b77937dd0 .cmp/eq 3, o0000024b77891dc8, L_0000024b7793a1e8;
L_0000024b77937c90 .concat [ 32 1 0 0], L_0000024b77937830, L_0000024b7793a230;
L_0000024b779364d0 .cmp/eq 3, o0000024b77891dc8, L_0000024b7793a278;
L_0000024b77938370 .concat [ 32 1 0 0], o0000024b77891d98, L_0000024b7793a2c0;
L_0000024b779371f0 .concat [ 32 1 0 0], o0000024b77891df8, L_0000024b7793a308;
L_0000024b77937510 .cmp/eq 3, o0000024b77891dc8, L_0000024b7793a350;
L_0000024b77936110 .concat [ 32 1 0 0], o0000024b77891d98, L_0000024b7793a398;
L_0000024b779378d0 .concat [ 32 1 0 0], o0000024b77891df8, L_0000024b7793a3e0;
L_0000024b779384b0 .cmp/eq 3, o0000024b77891dc8, L_0000024b7793a428;
L_0000024b779366b0 .part L_0000024b77937830, 31, 1;
L_0000024b77936250 .concat [ 1 32 0 0], L_0000024b779366b0, L_0000024b7793a470;
L_0000024b77938870 .functor MUXZ 33, L_0000024b7793a4b8, L_0000024b77936250, L_0000024b779384b0, C4<>;
L_0000024b77937d30 .functor MUXZ 33, L_0000024b77938870, L_0000024b779924b0, L_0000024b77937510, C4<>;
L_0000024b779367f0 .functor MUXZ 33, L_0000024b77937d30, L_0000024b7785c8e0, L_0000024b779364d0, C4<>;
L_0000024b779369d0 .functor MUXZ 33, L_0000024b779367f0, L_0000024b77937c90, L_0000024b77937dd0, C4<>;
L_0000024b779375b0 .functor MUXZ 33, L_0000024b779369d0, L_0000024b77936570, L_0000024b77937010, C4<>;
L_0000024b77938550 .part L_0000024b77937830, 31, 1;
L_0000024b77937290 .part o0000024b77891d98, 31, 1;
L_0000024b77936750 .part o0000024b77891dc8, 0, 1;
L_0000024b77938190 .part o0000024b77891df8, 31, 1;
L_0000024b77936930 .part o0000024b77891d98, 31, 1;
L_0000024b77937e70 .part o0000024b77891dc8, 1, 1;
L_0000024b779361b0 .part o0000024b77891dc8, 1, 1;
L_0000024b779382d0 .reduce/and L_0000024b779922f0;
L_0000024b779370b0 .part L_0000024b77937790, 31, 1;
S_0000024b7783be90 .scope module, "Control_Unit_Top" "Control_Unit_Top" 3 1;
 .timescale 0 0;
    .port_info 0 /INPUT 7 "Op";
    .port_info 1 /OUTPUT 1 "RegWrite";
    .port_info 2 /OUTPUT 2 "ImmSrc";
    .port_info 3 /OUTPUT 1 "ALUSrc";
    .port_info 4 /OUTPUT 1 "MemWrite";
    .port_info 5 /OUTPUT 1 "ResultSrc";
    .port_info 6 /OUTPUT 1 "Branch";
    .port_info 7 /INPUT 3 "funct3";
    .port_info 8 /INPUT 7 "funct7";
    .port_info 9 /OUTPUT 3 "ALUControl";
v0000024b77933e40_0 .net "ALUControl", 2 0, L_0000024b77939db0;  1 drivers
v0000024b779333a0_0 .net "ALUOp", 1 0, L_0000024b77938d70;  1 drivers
v0000024b77932b80_0 .net "ALUSrc", 0 0, L_0000024b77936d90;  1 drivers
v0000024b77933120_0 .net "Branch", 0 0, L_0000024b77938690;  1 drivers
v0000024b77932ae0_0 .net "ImmSrc", 1 0, L_0000024b779373d0;  1 drivers
v0000024b779327c0_0 .net "MemWrite", 0 0, L_0000024b77936390;  1 drivers
o0000024b77893688 .functor BUFZ 7, C4<zzzzzzz>; HiZ drive
v0000024b77932cc0_0 .net "Op", 6 0, o0000024b77893688;  0 drivers
v0000024b77933300_0 .net "RegWrite", 0 0, L_0000024b77937f10;  1 drivers
v0000024b779325e0_0 .net "ResultSrc", 0 0, L_0000024b779380f0;  1 drivers
o0000024b77893628 .functor BUFZ 3, C4<zzz>; HiZ drive
v0000024b77932c20_0 .net "funct3", 2 0, o0000024b77893628;  0 drivers
o0000024b77893658 .functor BUFZ 7, C4<zzzzzzz>; HiZ drive
v0000024b77932900_0 .net "funct7", 6 0, o0000024b77893658;  0 drivers
S_0000024b7784cc00 .scope module, "ALU_Decoder" "ALU_Decoder" 3 22, 4 1 0, S_0000024b7783be90;
 .timescale 0 0;
    .port_info 0 /INPUT 2 "ALUOp";
    .port_info 1 /INPUT 3 "funct3";
    .port_info 2 /INPUT 7 "funct7";
    .port_info 3 /INPUT 7 "op";
    .port_info 4 /OUTPUT 3 "ALUControl";
L_0000024b779926e0 .functor AND 1, L_0000024b77939590, L_0000024b77939770, C4<1>, C4<1>;
L_0000024b77992f30 .functor AND 1, L_0000024b779926e0, L_0000024b77938910, C4<1>, C4<1>;
L_0000024b77993010 .functor AND 1, L_0000024b77938af0, L_0000024b77939bd0, C4<1>, C4<1>;
L_0000024b77992520 .functor AND 1, L_0000024b77993010, L_0000024b779389b0, C4<1>, C4<1>;
L_0000024b77992590 .functor AND 1, L_0000024b77939450, L_0000024b77939810, C4<1>, C4<1>;
L_0000024b77992c90 .functor AND 1, L_0000024b77938b90, L_0000024b77939c70, C4<1>, C4<1>;
L_0000024b77992440 .functor AND 1, L_0000024b779393b0, L_0000024b77939a90, C4<1>, C4<1>;
v0000024b778eade0_0 .net "ALUControl", 2 0, L_0000024b77939db0;  alias, 1 drivers
v0000024b778ebbd0_0 .net "ALUOp", 1 0, L_0000024b77938d70;  alias, 1 drivers
L_0000024b7793ad28 .functor BUFT 1, C4<00>, C4<0>, C4<0>, C4<0>;
v0000024b778eb9f0_0 .net/2u *"_ivl_0", 1 0, L_0000024b7793ad28;  1 drivers
L_0000024b7793ae00 .functor BUFT 1, C4<001>, C4<0>, C4<0>, C4<0>;
v0000024b778ec350_0 .net/2u *"_ivl_10", 2 0, L_0000024b7793ae00;  1 drivers
v0000024b778ec7b0_0 .net *"_ivl_100", 2 0, L_0000024b77939d10;  1 drivers
v0000024b778eb950_0 .net *"_ivl_102", 2 0, L_0000024b77939b30;  1 drivers
v0000024b778ec3f0_0 .net *"_ivl_104", 2 0, L_0000024b77939130;  1 drivers
v0000024b778ebd10_0 .net *"_ivl_106", 2 0, L_0000024b779396d0;  1 drivers
v0000024b778ebdb0_0 .net *"_ivl_108", 2 0, L_0000024b77939950;  1 drivers
L_0000024b7793ae48 .functor BUFT 1, C4<10>, C4<0>, C4<0>, C4<0>;
v0000024b778eb130_0 .net/2u *"_ivl_12", 1 0, L_0000024b7793ae48;  1 drivers
v0000024b778eba90_0 .net *"_ivl_14", 0 0, L_0000024b77939590;  1 drivers
L_0000024b7793ae90 .functor BUFT 1, C4<000>, C4<0>, C4<0>, C4<0>;
v0000024b778ec850_0 .net/2u *"_ivl_16", 2 0, L_0000024b7793ae90;  1 drivers
v0000024b778ec170_0 .net *"_ivl_18", 0 0, L_0000024b77939770;  1 drivers
v0000024b778ec530_0 .net *"_ivl_2", 0 0, L_0000024b77938a50;  1 drivers
v0000024b778ecf30_0 .net *"_ivl_20", 0 0, L_0000024b779926e0;  1 drivers
v0000024b778ec490_0 .net *"_ivl_23", 0 0, L_0000024b77938cd0;  1 drivers
v0000024b778eb810_0 .net *"_ivl_25", 0 0, L_0000024b779399f0;  1 drivers
v0000024b778ec030_0 .net *"_ivl_26", 1 0, L_0000024b779398b0;  1 drivers
L_0000024b7793aed8 .functor BUFT 1, C4<11>, C4<0>, C4<0>, C4<0>;
v0000024b778eb090_0 .net/2u *"_ivl_28", 1 0, L_0000024b7793aed8;  1 drivers
v0000024b778ebb30_0 .net *"_ivl_30", 0 0, L_0000024b77938910;  1 drivers
v0000024b778ec5d0_0 .net *"_ivl_32", 0 0, L_0000024b77992f30;  1 drivers
L_0000024b7793af20 .functor BUFT 1, C4<001>, C4<0>, C4<0>, C4<0>;
v0000024b778eb8b0_0 .net/2u *"_ivl_34", 2 0, L_0000024b7793af20;  1 drivers
L_0000024b7793af68 .functor BUFT 1, C4<10>, C4<0>, C4<0>, C4<0>;
v0000024b778eb630_0 .net/2u *"_ivl_36", 1 0, L_0000024b7793af68;  1 drivers
v0000024b778ece90_0 .net *"_ivl_38", 0 0, L_0000024b77938af0;  1 drivers
L_0000024b7793ad70 .functor BUFT 1, C4<000>, C4<0>, C4<0>, C4<0>;
v0000024b778ec210_0 .net/2u *"_ivl_4", 2 0, L_0000024b7793ad70;  1 drivers
L_0000024b7793afb0 .functor BUFT 1, C4<000>, C4<0>, C4<0>, C4<0>;
v0000024b778eb450_0 .net/2u *"_ivl_40", 2 0, L_0000024b7793afb0;  1 drivers
v0000024b778eb1d0_0 .net *"_ivl_42", 0 0, L_0000024b77939bd0;  1 drivers
v0000024b778eb4f0_0 .net *"_ivl_44", 0 0, L_0000024b77993010;  1 drivers
v0000024b778eb310_0 .net *"_ivl_47", 0 0, L_0000024b77938c30;  1 drivers
v0000024b778ecc10_0 .net *"_ivl_49", 0 0, L_0000024b77939270;  1 drivers
v0000024b778ebc70_0 .net *"_ivl_50", 1 0, L_0000024b77939090;  1 drivers
L_0000024b7793aff8 .functor BUFT 1, C4<11>, C4<0>, C4<0>, C4<0>;
v0000024b778ebe50_0 .net/2u *"_ivl_52", 1 0, L_0000024b7793aff8;  1 drivers
v0000024b778ebef0_0 .net *"_ivl_54", 0 0, L_0000024b779389b0;  1 drivers
v0000024b778ec670_0 .net *"_ivl_56", 0 0, L_0000024b77992520;  1 drivers
L_0000024b7793b040 .functor BUFT 1, C4<000>, C4<0>, C4<0>, C4<0>;
v0000024b778eb770_0 .net/2u *"_ivl_58", 2 0, L_0000024b7793b040;  1 drivers
L_0000024b7793adb8 .functor BUFT 1, C4<01>, C4<0>, C4<0>, C4<0>;
v0000024b778ebf90_0 .net/2u *"_ivl_6", 1 0, L_0000024b7793adb8;  1 drivers
L_0000024b7793b088 .functor BUFT 1, C4<10>, C4<0>, C4<0>, C4<0>;
v0000024b778ec0d0_0 .net/2u *"_ivl_60", 1 0, L_0000024b7793b088;  1 drivers
v0000024b778ec2b0_0 .net *"_ivl_62", 0 0, L_0000024b77939450;  1 drivers
L_0000024b7793b0d0 .functor BUFT 1, C4<010>, C4<0>, C4<0>, C4<0>;
v0000024b778eb590_0 .net/2u *"_ivl_64", 2 0, L_0000024b7793b0d0;  1 drivers
v0000024b778ec710_0 .net *"_ivl_66", 0 0, L_0000024b77939810;  1 drivers
v0000024b778eb6d0_0 .net *"_ivl_68", 0 0, L_0000024b77992590;  1 drivers
L_0000024b7793b118 .functor BUFT 1, C4<101>, C4<0>, C4<0>, C4<0>;
v0000024b778eb270_0 .net/2u *"_ivl_70", 2 0, L_0000024b7793b118;  1 drivers
L_0000024b7793b160 .functor BUFT 1, C4<10>, C4<0>, C4<0>, C4<0>;
v0000024b778ec8f0_0 .net/2u *"_ivl_72", 1 0, L_0000024b7793b160;  1 drivers
v0000024b778ec990_0 .net *"_ivl_74", 0 0, L_0000024b77938b90;  1 drivers
L_0000024b7793b1a8 .functor BUFT 1, C4<110>, C4<0>, C4<0>, C4<0>;
v0000024b778eccb0_0 .net/2u *"_ivl_76", 2 0, L_0000024b7793b1a8;  1 drivers
v0000024b778eca30_0 .net *"_ivl_78", 0 0, L_0000024b77939c70;  1 drivers
v0000024b778ecd50_0 .net *"_ivl_8", 0 0, L_0000024b77938ff0;  1 drivers
v0000024b778ecad0_0 .net *"_ivl_80", 0 0, L_0000024b77992c90;  1 drivers
L_0000024b7793b1f0 .functor BUFT 1, C4<011>, C4<0>, C4<0>, C4<0>;
v0000024b778ecb70_0 .net/2u *"_ivl_82", 2 0, L_0000024b7793b1f0;  1 drivers
L_0000024b7793b238 .functor BUFT 1, C4<10>, C4<0>, C4<0>, C4<0>;
v0000024b778ecdf0_0 .net/2u *"_ivl_84", 1 0, L_0000024b7793b238;  1 drivers
v0000024b778eb3b0_0 .net *"_ivl_86", 0 0, L_0000024b779393b0;  1 drivers
L_0000024b7793b280 .functor BUFT 1, C4<111>, C4<0>, C4<0>, C4<0>;
v0000024b77931610_0 .net/2u *"_ivl_88", 2 0, L_0000024b7793b280;  1 drivers
v0000024b77931890_0 .net *"_ivl_90", 0 0, L_0000024b77939a90;  1 drivers
v0000024b77931750_0 .net *"_ivl_92", 0 0, L_0000024b77992440;  1 drivers
L_0000024b7793b2c8 .functor BUFT 1, C4<010>, C4<0>, C4<0>, C4<0>;
v0000024b77930530_0 .net/2u *"_ivl_94", 2 0, L_0000024b7793b2c8;  1 drivers
L_0000024b7793b310 .functor BUFT 1, C4<000>, C4<0>, C4<0>, C4<0>;
v0000024b77930210_0 .net/2u *"_ivl_96", 2 0, L_0000024b7793b310;  1 drivers
v0000024b77931d90_0 .net *"_ivl_98", 2 0, L_0000024b77939310;  1 drivers
v0000024b77931f70_0 .net "funct3", 2 0, o0000024b77893628;  alias, 0 drivers
v0000024b77931ed0_0 .net "funct7", 6 0, o0000024b77893658;  alias, 0 drivers
v0000024b77931930_0 .net "op", 6 0, o0000024b77893688;  alias, 0 drivers
L_0000024b77938a50 .cmp/eq 2, L_0000024b77938d70, L_0000024b7793ad28;
L_0000024b77938ff0 .cmp/eq 2, L_0000024b77938d70, L_0000024b7793adb8;
L_0000024b77939590 .cmp/eq 2, L_0000024b77938d70, L_0000024b7793ae48;
L_0000024b77939770 .cmp/eq 3, o0000024b77893628, L_0000024b7793ae90;
L_0000024b77938cd0 .part o0000024b77893688, 5, 1;
L_0000024b779399f0 .part o0000024b77893658, 5, 1;
L_0000024b779398b0 .concat [ 1 1 0 0], L_0000024b779399f0, L_0000024b77938cd0;
L_0000024b77938910 .cmp/eq 2, L_0000024b779398b0, L_0000024b7793aed8;
L_0000024b77938af0 .cmp/eq 2, L_0000024b77938d70, L_0000024b7793af68;
L_0000024b77939bd0 .cmp/eq 3, o0000024b77893628, L_0000024b7793afb0;
L_0000024b77938c30 .part o0000024b77893688, 5, 1;
L_0000024b77939270 .part o0000024b77893658, 5, 1;
L_0000024b77939090 .concat [ 1 1 0 0], L_0000024b77939270, L_0000024b77938c30;
L_0000024b779389b0 .cmp/ne 2, L_0000024b77939090, L_0000024b7793aff8;
L_0000024b77939450 .cmp/eq 2, L_0000024b77938d70, L_0000024b7793b088;
L_0000024b77939810 .cmp/eq 3, o0000024b77893628, L_0000024b7793b0d0;
L_0000024b77938b90 .cmp/eq 2, L_0000024b77938d70, L_0000024b7793b160;
L_0000024b77939c70 .cmp/eq 3, o0000024b77893628, L_0000024b7793b1a8;
L_0000024b779393b0 .cmp/eq 2, L_0000024b77938d70, L_0000024b7793b238;
L_0000024b77939a90 .cmp/eq 3, o0000024b77893628, L_0000024b7793b280;
L_0000024b77939310 .functor MUXZ 3, L_0000024b7793b310, L_0000024b7793b2c8, L_0000024b77992440, C4<>;
L_0000024b77939d10 .functor MUXZ 3, L_0000024b77939310, L_0000024b7793b1f0, L_0000024b77992c90, C4<>;
L_0000024b77939b30 .functor MUXZ 3, L_0000024b77939d10, L_0000024b7793b118, L_0000024b77992590, C4<>;
L_0000024b77939130 .functor MUXZ 3, L_0000024b77939b30, L_0000024b7793b040, L_0000024b77992520, C4<>;
L_0000024b779396d0 .functor MUXZ 3, L_0000024b77939130, L_0000024b7793af20, L_0000024b77992f30, C4<>;
L_0000024b77939950 .functor MUXZ 3, L_0000024b779396d0, L_0000024b7793ae00, L_0000024b77938ff0, C4<>;
L_0000024b77939db0 .functor MUXZ 3, L_0000024b77939950, L_0000024b7793ad70, L_0000024b77938a50, C4<>;
S_0000024b77926750 .scope module, "Main_Decoder" "Main_Decoder" 3 11, 5 1 0, S_0000024b7783be90;
 .timescale 0 0;
    .port_info 0 /INPUT 7 "Op";
    .port_info 1 /OUTPUT 1 "RegWrite";
    .port_info 2 /OUTPUT 2 "ImmSrc";
    .port_info 3 /OUTPUT 1 "ALUSrc";
    .port_info 4 /OUTPUT 1 "MemWrite";
    .port_info 5 /OUTPUT 1 "ResultSrc";
    .port_info 6 /OUTPUT 1 "Branch";
    .port_info 7 /OUTPUT 2 "ALUOp";
L_0000024b77992bb0 .functor OR 1, L_0000024b77936cf0, L_0000024b77937650, C4<0>, C4<0>;
L_0000024b779921a0 .functor OR 1, L_0000024b77992bb0, L_0000024b779387d0, C4<0>, C4<0>;
L_0000024b77992360 .functor OR 1, L_0000024b77937970, L_0000024b779362f0, C4<0>, C4<0>;
L_0000024b77992c20 .functor OR 1, L_0000024b77992360, L_0000024b77936b10, C4<0>, C4<0>;
v0000024b779302b0_0 .net "ALUOp", 1 0, L_0000024b77938d70;  alias, 1 drivers
v0000024b779300d0_0 .net "ALUSrc", 0 0, L_0000024b77936d90;  alias, 1 drivers
v0000024b77930170_0 .net "Branch", 0 0, L_0000024b77938690;  alias, 1 drivers
v0000024b77930990_0 .net "ImmSrc", 1 0, L_0000024b779373d0;  alias, 1 drivers
v0000024b77930c10_0 .net "MemWrite", 0 0, L_0000024b77936390;  alias, 1 drivers
v0000024b77930350_0 .net "Op", 6 0, o0000024b77893688;  alias, 0 drivers
v0000024b77931430_0 .net "RegWrite", 0 0, L_0000024b77937f10;  alias, 1 drivers
v0000024b779308f0_0 .net "ResultSrc", 0 0, L_0000024b779380f0;  alias, 1 drivers
L_0000024b7793a500 .functor BUFT 1, C4<0000011>, C4<0>, C4<0>, C4<0>;
v0000024b779303f0_0 .net/2u *"_ivl_0", 6 0, L_0000024b7793a500;  1 drivers
L_0000024b7793a590 .functor BUFT 1, C4<0010011>, C4<0>, C4<0>, C4<0>;
v0000024b77930710_0 .net/2u *"_ivl_10", 6 0, L_0000024b7793a590;  1 drivers
v0000024b779305d0_0 .net *"_ivl_100", 0 0, L_0000024b77938f50;  1 drivers
L_0000024b7793ac98 .functor BUFT 1, C4<01>, C4<0>, C4<0>, C4<0>;
v0000024b77931570_0 .net/2u *"_ivl_102", 1 0, L_0000024b7793ac98;  1 drivers
L_0000024b7793ace0 .functor BUFT 1, C4<00>, C4<0>, C4<0>, C4<0>;
v0000024b779311b0_0 .net/2u *"_ivl_104", 1 0, L_0000024b7793ace0;  1 drivers
v0000024b779316b0_0 .net *"_ivl_106", 1 0, L_0000024b77939630;  1 drivers
v0000024b77931bb0_0 .net *"_ivl_12", 0 0, L_0000024b779387d0;  1 drivers
v0000024b779319d0_0 .net *"_ivl_14", 0 0, L_0000024b779921a0;  1 drivers
L_0000024b7793a5d8 .functor BUFT 1, C4<1>, C4<0>, C4<0>, C4<0>;
v0000024b77930d50_0 .net/2u *"_ivl_16", 0 0, L_0000024b7793a5d8;  1 drivers
L_0000024b7793a620 .functor BUFT 1, C4<0>, C4<0>, C4<0>, C4<0>;
v0000024b77930ad0_0 .net/2u *"_ivl_18", 0 0, L_0000024b7793a620;  1 drivers
v0000024b77930b70_0 .net *"_ivl_2", 0 0, L_0000024b77936cf0;  1 drivers
L_0000024b7793a668 .functor BUFT 1, C4<0100011>, C4<0>, C4<0>, C4<0>;
v0000024b77930cb0_0 .net/2u *"_ivl_22", 6 0, L_0000024b7793a668;  1 drivers
v0000024b77930670_0 .net *"_ivl_24", 0 0, L_0000024b77936ed0;  1 drivers
L_0000024b7793a6b0 .functor BUFT 1, C4<01>, C4<0>, C4<0>, C4<0>;
v0000024b77931110_0 .net/2u *"_ivl_26", 1 0, L_0000024b7793a6b0;  1 drivers
L_0000024b7793a6f8 .functor BUFT 1, C4<1100011>, C4<0>, C4<0>, C4<0>;
v0000024b77930a30_0 .net/2u *"_ivl_28", 6 0, L_0000024b7793a6f8;  1 drivers
v0000024b77930490_0 .net *"_ivl_30", 0 0, L_0000024b77937330;  1 drivers
L_0000024b7793a740 .functor BUFT 1, C4<10>, C4<0>, C4<0>, C4<0>;
v0000024b779314d0_0 .net/2u *"_ivl_32", 1 0, L_0000024b7793a740;  1 drivers
L_0000024b7793a788 .functor BUFT 1, C4<00>, C4<0>, C4<0>, C4<0>;
v0000024b779307b0_0 .net/2u *"_ivl_34", 1 0, L_0000024b7793a788;  1 drivers
v0000024b77930850_0 .net *"_ivl_36", 1 0, L_0000024b77937470;  1 drivers
L_0000024b7793a548 .functor BUFT 1, C4<0110011>, C4<0>, C4<0>, C4<0>;
v0000024b77931a70_0 .net/2u *"_ivl_4", 6 0, L_0000024b7793a548;  1 drivers
L_0000024b7793a7d0 .functor BUFT 1, C4<0000011>, C4<0>, C4<0>, C4<0>;
v0000024b77931390_0 .net/2u *"_ivl_40", 6 0, L_0000024b7793a7d0;  1 drivers
v0000024b77930df0_0 .net *"_ivl_42", 0 0, L_0000024b77937970;  1 drivers
L_0000024b7793a818 .functor BUFT 1, C4<0100011>, C4<0>, C4<0>, C4<0>;
v0000024b77930e90_0 .net/2u *"_ivl_44", 6 0, L_0000024b7793a818;  1 drivers
v0000024b77931c50_0 .net *"_ivl_46", 0 0, L_0000024b779362f0;  1 drivers
v0000024b77931cf0_0 .net *"_ivl_48", 0 0, L_0000024b77992360;  1 drivers
L_0000024b7793a860 .functor BUFT 1, C4<0010011>, C4<0>, C4<0>, C4<0>;
v0000024b77930f30_0 .net/2u *"_ivl_50", 6 0, L_0000024b7793a860;  1 drivers
v0000024b77930fd0_0 .net *"_ivl_52", 0 0, L_0000024b77936b10;  1 drivers
v0000024b77931070_0 .net *"_ivl_54", 0 0, L_0000024b77992c20;  1 drivers
L_0000024b7793a8a8 .functor BUFT 1, C4<1>, C4<0>, C4<0>, C4<0>;
v0000024b779317f0_0 .net/2u *"_ivl_56", 0 0, L_0000024b7793a8a8;  1 drivers
L_0000024b7793a8f0 .functor BUFT 1, C4<0>, C4<0>, C4<0>, C4<0>;
v0000024b77931b10_0 .net/2u *"_ivl_58", 0 0, L_0000024b7793a8f0;  1 drivers
v0000024b77931250_0 .net *"_ivl_6", 0 0, L_0000024b77937650;  1 drivers
L_0000024b7793a938 .functor BUFT 1, C4<0100011>, C4<0>, C4<0>, C4<0>;
v0000024b779312f0_0 .net/2u *"_ivl_62", 6 0, L_0000024b7793a938;  1 drivers
v0000024b77931e30_0 .net *"_ivl_64", 0 0, L_0000024b77937fb0;  1 drivers
L_0000024b7793a980 .functor BUFT 1, C4<1>, C4<0>, C4<0>, C4<0>;
v0000024b77932720_0 .net/2u *"_ivl_66", 0 0, L_0000024b7793a980;  1 drivers
L_0000024b7793a9c8 .functor BUFT 1, C4<0>, C4<0>, C4<0>, C4<0>;
v0000024b77933940_0 .net/2u *"_ivl_68", 0 0, L_0000024b7793a9c8;  1 drivers
L_0000024b7793aa10 .functor BUFT 1, C4<0000011>, C4<0>, C4<0>, C4<0>;
v0000024b77933c60_0 .net/2u *"_ivl_72", 6 0, L_0000024b7793aa10;  1 drivers
v0000024b779336c0_0 .net *"_ivl_74", 0 0, L_0000024b77938050;  1 drivers
L_0000024b7793aa58 .functor BUFT 1, C4<1>, C4<0>, C4<0>, C4<0>;
v0000024b77932180_0 .net/2u *"_ivl_76", 0 0, L_0000024b7793aa58;  1 drivers
L_0000024b7793aaa0 .functor BUFT 1, C4<0>, C4<0>, C4<0>, C4<0>;
v0000024b779322c0_0 .net/2u *"_ivl_78", 0 0, L_0000024b7793aaa0;  1 drivers
v0000024b77933760_0 .net *"_ivl_8", 0 0, L_0000024b77992bb0;  1 drivers
L_0000024b7793aae8 .functor BUFT 1, C4<1100011>, C4<0>, C4<0>, C4<0>;
v0000024b77932220_0 .net/2u *"_ivl_82", 6 0, L_0000024b7793aae8;  1 drivers
v0000024b77932540_0 .net *"_ivl_84", 0 0, L_0000024b779385f0;  1 drivers
L_0000024b7793ab30 .functor BUFT 1, C4<1>, C4<0>, C4<0>, C4<0>;
v0000024b77932400_0 .net/2u *"_ivl_86", 0 0, L_0000024b7793ab30;  1 drivers
L_0000024b7793ab78 .functor BUFT 1, C4<0>, C4<0>, C4<0>, C4<0>;
v0000024b77933bc0_0 .net/2u *"_ivl_88", 0 0, L_0000024b7793ab78;  1 drivers
L_0000024b7793abc0 .functor BUFT 1, C4<0110011>, C4<0>, C4<0>, C4<0>;
v0000024b779324a0_0 .net/2u *"_ivl_92", 6 0, L_0000024b7793abc0;  1 drivers
v0000024b77932e00_0 .net *"_ivl_94", 0 0, L_0000024b77938730;  1 drivers
L_0000024b7793ac08 .functor BUFT 1, C4<10>, C4<0>, C4<0>, C4<0>;
v0000024b77933d00_0 .net/2u *"_ivl_96", 1 0, L_0000024b7793ac08;  1 drivers
L_0000024b7793ac50 .functor BUFT 1, C4<1100011>, C4<0>, C4<0>, C4<0>;
v0000024b77932360_0 .net/2u *"_ivl_98", 6 0, L_0000024b7793ac50;  1 drivers
L_0000024b77936cf0 .cmp/eq 7, o0000024b77893688, L_0000024b7793a500;
L_0000024b77937650 .cmp/eq 7, o0000024b77893688, L_0000024b7793a548;
L_0000024b779387d0 .cmp/eq 7, o0000024b77893688, L_0000024b7793a590;
L_0000024b77937f10 .functor MUXZ 1, L_0000024b7793a620, L_0000024b7793a5d8, L_0000024b779921a0, C4<>;
L_0000024b77936ed0 .cmp/eq 7, o0000024b77893688, L_0000024b7793a668;
L_0000024b77937330 .cmp/eq 7, o0000024b77893688, L_0000024b7793a6f8;
L_0000024b77937470 .functor MUXZ 2, L_0000024b7793a788, L_0000024b7793a740, L_0000024b77937330, C4<>;
L_0000024b779373d0 .functor MUXZ 2, L_0000024b77937470, L_0000024b7793a6b0, L_0000024b77936ed0, C4<>;
L_0000024b77937970 .cmp/eq 7, o0000024b77893688, L_0000024b7793a7d0;
L_0000024b779362f0 .cmp/eq 7, o0000024b77893688, L_0000024b7793a818;
L_0000024b77936b10 .cmp/eq 7, o0000024b77893688, L_0000024b7793a860;
L_0000024b77936d90 .functor MUXZ 1, L_0000024b7793a8f0, L_0000024b7793a8a8, L_0000024b77992c20, C4<>;
L_0000024b77937fb0 .cmp/eq 7, o0000024b77893688, L_0000024b7793a938;
L_0000024b77936390 .functor MUXZ 1, L_0000024b7793a9c8, L_0000024b7793a980, L_0000024b77937fb0, C4<>;
L_0000024b77938050 .cmp/eq 7, o0000024b77893688, L_0000024b7793aa10;
L_0000024b779380f0 .functor MUXZ 1, L_0000024b7793aaa0, L_0000024b7793aa58, L_0000024b77938050, C4<>;
L_0000024b779385f0 .cmp/eq 7, o0000024b77893688, L_0000024b7793aae8;
L_0000024b77938690 .functor MUXZ 1, L_0000024b7793ab78, L_0000024b7793ab30, L_0000024b779385f0, C4<>;
L_0000024b77938730 .cmp/eq 7, o0000024b77893688, L_0000024b7793abc0;
L_0000024b77938f50 .cmp/eq 7, o0000024b77893688, L_0000024b7793ac50;
L_0000024b77939630 .functor MUXZ 2, L_0000024b7793ace0, L_0000024b7793ac98, L_0000024b77938f50, C4<>;
L_0000024b77938d70 .functor MUXZ 2, L_0000024b77939630, L_0000024b7793ac08, L_0000024b77938730, C4<>;
S_0000024b77855ae0 .scope module, "Data_Memory" "Data_Memory" 6 1;
 .timescale 0 0;
    .port_info 0 /INPUT 1 "clk";
    .port_info 1 /INPUT 1 "rst";
    .port_info 2 /INPUT 1 "WE";
    .port_info 3 /INPUT 32 "WD";
    .port_info 4 /INPUT 32 "A";
    .port_info 5 /OUTPUT 32 "RD";
o0000024b778946a8 .functor BUFZ 1, C4<z>; HiZ drive
L_0000024b77992600 .functor NOT 1, o0000024b778946a8, C4<0>, C4<0>, C4<0>;
o0000024b77894528 .functor BUFZ 32, C4<zzzzzzzzzzzzzzzzzzzzzzzzzzzzzzzz>; HiZ drive
v0000024b77933a80_0 .net "A", 31 0, o0000024b77894528;  0 drivers
v0000024b77933800_0 .net "RD", 31 0, L_0000024b77939e50;  1 drivers
o0000024b77894588 .functor BUFZ 32, C4<zzzzzzzzzzzzzzzzzzzzzzzzzzzzzzzz>; HiZ drive
v0000024b779329a0_0 .net "WD", 31 0, o0000024b77894588;  0 drivers
o0000024b778945b8 .functor BUFZ 1, C4<z>; HiZ drive
v0000024b77932ea0_0 .net "WE", 0 0, o0000024b778945b8;  0 drivers
v0000024b77932d60_0 .net *"_ivl_0", 0 0, L_0000024b77992600;  1 drivers
L_0000024b7793b358 .functor BUFT 1, C4<00000000000000000000000000000000>, C4<0>, C4<0>, C4<0>;
v0000024b77932680_0 .net/2u *"_ivl_2", 31 0, L_0000024b7793b358;  1 drivers
v0000024b77932860_0 .net *"_ivl_4", 31 0, L_0000024b77938e10;  1 drivers
o0000024b77894678 .functor BUFZ 1, C4<z>; HiZ drive
v0000024b77932f40_0 .net "clk", 0 0, o0000024b77894678;  0 drivers
v0000024b779338a0 .array "mem", 0 1023, 31 0;
v0000024b779331c0_0 .net "rst", 0 0, o0000024b778946a8;  0 drivers
E_0000024b77882920 .event posedge, v0000024b77932f40_0;
L_0000024b77938e10 .array/port v0000024b779338a0, o0000024b77894528;
L_0000024b77939e50 .functor MUXZ 32, L_0000024b77938e10, L_0000024b7793b358, L_0000024b77992600, C4<>;
S_0000024b77855c70 .scope module, "Instruction_Memory" "Instruction_Memory" 7 1;
 .timescale 0 0;
    .port_info 0 /INPUT 1 "rst";
    .port_info 1 /INPUT 32 "A";
    .port_info 2 /OUTPUT 32 "RD";
o0000024b77894948 .functor BUFZ 1, C4<z>; HiZ drive
L_0000024b7793b3a0 .functor BUFT 1, C4<0>, C4<0>, C4<0>, C4<0>;
L_0000024b779927c0 .functor XNOR 1, o0000024b77894948, L_0000024b7793b3a0, C4<0>, C4<0>;
o0000024b778947f8 .functor BUFZ 32, C4<zzzzzzzzzzzzzzzzzzzzzzzzzzzzzzzz>; HiZ drive
v0000024b77932fe0_0 .net "A", 31 0, o0000024b778947f8;  0 drivers
v0000024b77933080_0 .net "RD", 31 0, L_0000024b77939ef0;  1 drivers
v0000024b77932a40_0 .net/2u *"_ivl_0", 0 0, L_0000024b7793b3a0;  1 drivers
v0000024b77933260_0 .net *"_ivl_2", 0 0, L_0000024b779927c0;  1 drivers
L_0000024b7793b3e8 .functor BUFT 1, C4<00000000000000000000000000000000>, C4<0>, C4<0>, C4<0>;
v0000024b77933440_0 .net/2u *"_ivl_4", 31 0, L_0000024b7793b3e8;  1 drivers
v0000024b779334e0_0 .net *"_ivl_6", 31 0, L_0000024b779394f0;  1 drivers
v0000024b77933da0_0 .net *"_ivl_9", 29 0, L_0000024b779391d0;  1 drivers
v0000024b77933b20 .array "mem", 0 511, 31 0;
v0000024b77933580_0 .net "rst", 0 0, o0000024b77894948;  0 drivers
L_0000024b779394f0 .array/port v0000024b77933b20, L_0000024b779391d0;
L_0000024b779391d0 .part o0000024b778947f8, 2, 30;
L_0000024b77939ef0 .functor MUXZ 32, L_0000024b779394f0, L_0000024b7793b3e8, L_0000024b779927c0, C4<>;
S_0000024b77846fb0 .scope module, "Mux" "Mux" 8 1;
 .timescale 0 0;
    .port_info 0 /INPUT 32 "a";
    .port_info 1 /INPUT 32 "b";
    .port_info 2 /INPUT 1 "s";
    .port_info 3 /OUTPUT 32 "c";
o0000024b77894ac8 .functor BUFZ 1, C4<z>; HiZ drive
L_0000024b77992670 .functor NOT 1, o0000024b77894ac8, C4<0>, C4<0>, C4<0>;
v0000024b77933620_0 .net *"_ivl_0", 0 0, L_0000024b77992670;  1 drivers
o0000024b77894a38 .functor BUFZ 32, C4<zzzzzzzzzzzzzzzzzzzzzzzzzzzzzzzz>; HiZ drive
v0000024b779339e0_0 .net "a", 31 0, o0000024b77894a38;  0 drivers
o0000024b77894a68 .functor BUFZ 32, C4<zzzzzzzzzzzzzzzzzzzzzzzzzzzzzzzz>; HiZ drive
v0000024b77933ee0_0 .net "b", 31 0, o0000024b77894a68;  0 drivers
v0000024b77933f80_0 .net "c", 31 0, L_0000024b77939f90;  1 drivers
v0000024b779320e0_0 .net "s", 0 0, o0000024b77894ac8;  0 drivers
L_0000024b77939f90 .functor MUXZ 32, o0000024b77894a68, o0000024b77894a38, L_0000024b77992670, C4<>;
S_0000024b77847140 .scope module, "Mux_3_by_1" "Mux_3_by_1" 8 11;
 .timescale 0 0;
    .port_info 0 /INPUT 32 "a";
    .port_info 1 /INPUT 32 "b";
    .port_info 2 /INPUT 32 "c";
    .port_info 3 /INPUT 2 "s";
    .port_info 4 /OUTPUT 32 "d";
L_0000024b7793b430 .functor BUFT 1, C4<00>, C4<0>, C4<0>, C4<0>;
v0000024b77934910_0 .net/2u *"_ivl_0", 1 0, L_0000024b7793b430;  1 drivers
v0000024b77934410_0 .net *"_ivl_10", 0 0, L_0000024b779962b0;  1 drivers
L_0000024b7793b508 .functor BUFT 1, C4<00000000000000000000000000000000>, C4<0>, C4<0>, C4<0>;
v0000024b77935a90_0 .net/2u *"_ivl_12", 31 0, L_0000024b7793b508;  1 drivers
v0000024b77935090_0 .net *"_ivl_14", 31 0, L_0000024b77997250;  1 drivers
v0000024b779340f0_0 .net *"_ivl_16", 31 0, L_0000024b77996ad0;  1 drivers
v0000024b77934190_0 .net *"_ivl_2", 0 0, L_0000024b77938eb0;  1 drivers
L_0000024b7793b478 .functor BUFT 1, C4<01>, C4<0>, C4<0>, C4<0>;
v0000024b77935310_0 .net/2u *"_ivl_4", 1 0, L_0000024b7793b478;  1 drivers
v0000024b77934870_0 .net *"_ivl_6", 0 0, L_0000024b779979d0;  1 drivers
L_0000024b7793b4c0 .functor BUFT 1, C4<10>, C4<0>, C4<0>, C4<0>;
v0000024b77934690_0 .net/2u *"_ivl_8", 1 0, L_0000024b7793b4c0;  1 drivers
o0000024b77894d68 .functor BUFZ 32, C4<zzzzzzzzzzzzzzzzzzzzzzzzzzzzzzzz>; HiZ drive
v0000024b779349b0_0 .net "a", 31 0, o0000024b77894d68;  0 drivers
o0000024b77894d98 .functor BUFZ 32, C4<zzzzzzzzzzzzzzzzzzzzzzzzzzzzzzzz>; HiZ drive
v0000024b77934730_0 .net "b", 31 0, o0000024b77894d98;  0 drivers
o0000024b77894dc8 .functor BUFZ 32, C4<zzzzzzzzzzzzzzzzzzzzzzzzzzzzzzzz>; HiZ drive
v0000024b77935c70_0 .net "c", 31 0, o0000024b77894dc8;  0 drivers
v0000024b779344b0_0 .net "d", 31 0, L_0000024b77996850;  1 drivers
o0000024b77894e28 .functor BUFZ 2, C4<zz>; HiZ drive
v0000024b779342d0_0 .net "s", 1 0, o0000024b77894e28;  0 drivers
L_0000024b77938eb0 .cmp/eq 2, o0000024b77894e28, L_0000024b7793b430;
L_0000024b779979d0 .cmp/eq 2, o0000024b77894e28, L_0000024b7793b478;
L_0000024b779962b0 .cmp/eq 2, o0000024b77894e28, L_0000024b7793b4c0;
L_0000024b77997250 .functor MUXZ 32, L_0000024b7793b508, o0000024b77894dc8, L_0000024b779962b0, C4<>;
L_0000024b77996ad0 .functor MUXZ 32, L_0000024b77997250, o0000024b77894d98, L_0000024b779979d0, C4<>;
L_0000024b77996850 .functor MUXZ 32, L_0000024b77996ad0, o0000024b77894d68, L_0000024b77938eb0, C4<>;
S_0000024b77835b80 .scope module, "PC_Adder" "PC_Adder" 9 1;
 .timescale 0 0;
    .port_info 0 /INPUT 32 "a";
    .port_info 1 /INPUT 32 "b";
    .port_info 2 /OUTPUT 32 "c";
o0000024b77894f48 .functor BUFZ 32, C4<zzzzzzzzzzzzzzzzzzzzzzzzzzzzzzzz>; HiZ drive
v0000024b77934af0_0 .net "a", 31 0, o0000024b77894f48;  0 drivers
o0000024b77894f78 .functor BUFZ 32, C4<zzzzzzzzzzzzzzzzzzzzzzzzzzzzzzzz>; HiZ drive
v0000024b779356d0_0 .net "b", 31 0, o0000024b77894f78;  0 drivers
v0000024b779347d0_0 .net "c", 31 0, L_0000024b77997390;  1 drivers
L_0000024b77997390 .arith/sum 32, o0000024b77894f48, o0000024b77894f78;
S_0000024b77835d10 .scope module, "PC_Module" "PC_Module" 10 1;
 .timescale 0 0;
    .port_info 0 /INPUT 1 "clk";
    .port_info 1 /INPUT 1 "rst";
    .port_info 2 /OUTPUT 32 "PC";
    .port_info 3 /INPUT 32 "PC_Next";
v0000024b77934550_0 .var "PC", 31 0;
o0000024b77895098 .functor BUFZ 32, C4<zzzzzzzzzzzzzzzzzzzzzzzzzzzzzzzz>; HiZ drive
v0000024b779354f0_0 .net "PC_Next", 31 0, o0000024b77895098;  0 drivers
o0000024b778950c8 .functor BUFZ 1, C4<z>; HiZ drive
v0000024b77935e50_0 .net "clk", 0 0, o0000024b778950c8;  0 drivers
o0000024b778950f8 .functor BUFZ 1, C4<z>; HiZ drive
v0000024b77934370_0 .net "rst", 0 0, o0000024b778950f8;  0 drivers
E_0000024b778827a0 .event posedge, v0000024b77935e50_0;
S_0000024b7784fcc0 .scope module, "Register_File" "Register_File" 11 1;
 .timescale 0 0;
    .port_info 0 /INPUT 1 "clk";
    .port_info 1 /INPUT 1 "rst";
    .port_info 2 /INPUT 1 "WE3";
    .port_info 3 /INPUT 32 "WD3";
    .port_info 4 /INPUT 5 "A1";
    .port_info 5 /INPUT 5 "A2";
    .port_info 6 /INPUT 5 "A3";
    .port_info 7 /OUTPUT 32 "RD1";
    .port_info 8 /OUTPUT 32 "RD2";
o0000024b778955a8 .functor BUFZ 1, C4<z>; HiZ drive
L_0000024b7793b550 .functor BUFT 1, C4<0>, C4<0>, C4<0>, C4<0>;
L_0000024b77992b40 .functor XNOR 1, o0000024b778955a8, L_0000024b7793b550, C4<0>, C4<0>;
L_0000024b7793b628 .functor BUFT 1, C4<0>, C4<0>, C4<0>, C4<0>;
L_0000024b779928a0 .functor XNOR 1, o0000024b778955a8, L_0000024b7793b628, C4<0>, C4<0>;
o0000024b778951e8 .functor BUFZ 5, C4<zzzzz>; HiZ drive
v0000024b77935bd0_0 .net "A1", 4 0, o0000024b778951e8;  0 drivers
o0000024b77895218 .functor BUFZ 5, C4<zzzzz>; HiZ drive
v0000024b779358b0_0 .net "A2", 4 0, o0000024b77895218;  0 drivers
o0000024b77895248 .functor BUFZ 5, C4<zzzzz>; HiZ drive
v0000024b77935450_0 .net "A3", 4 0, o0000024b77895248;  0 drivers
v0000024b77935590_0 .net "RD1", 31 0, L_0000024b77996710;  1 drivers
v0000024b77935630_0 .net "RD2", 31 0, L_0000024b77998650;  1 drivers
v0000024b77935950 .array "Register", 0 31, 31 0;
o0000024b778952d8 .functor BUFZ 32, C4<zzzzzzzzzzzzzzzzzzzzzzzzzzzzzzzz>; HiZ drive
v0000024b77934230_0 .net "WD3", 31 0, o0000024b778952d8;  0 drivers
o0000024b77895308 .functor BUFZ 1, C4<z>; HiZ drive
v0000024b779351d0_0 .net "WE3", 0 0, o0000024b77895308;  0 drivers
v0000024b77935d10_0 .net/2u *"_ivl_0", 0 0, L_0000024b7793b550;  1 drivers
L_0000024b7793b5e0 .functor BUFT 1, C4<00>, C4<0>, C4<0>, C4<0>;
v0000024b77934a50_0 .net *"_ivl_11", 1 0, L_0000024b7793b5e0;  1 drivers
v0000024b779345f0_0 .net/2u *"_ivl_14", 0 0, L_0000024b7793b628;  1 drivers
v0000024b77935270_0 .net *"_ivl_16", 0 0, L_0000024b779928a0;  1 drivers
L_0000024b7793b670 .functor BUFT 1, C4<00000000000000000000000000000000>, C4<0>, C4<0>, C4<0>;
v0000024b77934c30_0 .net/2u *"_ivl_18", 31 0, L_0000024b7793b670;  1 drivers
v0000024b77934d70_0 .net *"_ivl_2", 0 0, L_0000024b77992b40;  1 drivers
v0000024b77934b90_0 .net *"_ivl_20", 31 0, L_0000024b77998010;  1 drivers
v0000024b77935db0_0 .net *"_ivl_22", 6 0, L_0000024b77996170;  1 drivers
L_0000024b7793b6b8 .functor BUFT 1, C4<00>, C4<0>, C4<0>, C4<0>;
v0000024b77934ff0_0 .net *"_ivl_25", 1 0, L_0000024b7793b6b8;  1 drivers
L_0000024b7793b598 .functor BUFT 1, C4<00000000000000000000000000000000>, C4<0>, C4<0>, C4<0>;
v0000024b77934cd0_0 .net/2u *"_ivl_4", 31 0, L_0000024b7793b598;  1 drivers
v0000024b77934eb0_0 .net *"_ivl_6", 31 0, L_0000024b77997750;  1 drivers
v0000024b779353b0_0 .net *"_ivl_8", 6 0, L_0000024b77998150;  1 drivers
o0000024b77895578 .functor BUFZ 1, C4<z>; HiZ drive
v0000024b77935ef0_0 .net "clk", 0 0, o0000024b77895578;  0 drivers
v0000024b77934e10_0 .net "rst", 0 0, o0000024b778955a8;  0 drivers
E_0000024b778825e0 .event posedge, v0000024b77935ef0_0;
L_0000024b77997750 .array/port v0000024b77935950, L_0000024b77998150;
L_0000024b77998150 .concat [ 5 2 0 0], o0000024b778951e8, L_0000024b7793b5e0;
L_0000024b77996710 .functor MUXZ 32, L_0000024b77997750, L_0000024b7793b598, L_0000024b77992b40, C4<>;
L_0000024b77998010 .array/port v0000024b77935950, L_0000024b77996170;
L_0000024b77996170 .concat [ 5 2 0 0], o0000024b77895218, L_0000024b7793b6b8;
L_0000024b77998650 .functor MUXZ 32, L_0000024b77998010, L_0000024b7793b670, L_0000024b779928a0, C4<>;
S_0000024b7784fe50 .scope module, "Sign_Extend" "Sign_Extend" 12 1;
 .timescale 0 0;
    .port_info 0 /INPUT 32 "In";
    .port_info 1 /INPUT 2 "ImmSrc";
    .port_info 2 /OUTPUT 32 "Imm_Ext";
o0000024b77895788 .functor BUFZ 2, C4<zz>; HiZ drive
v0000024b77935f90_0 .net "ImmSrc", 1 0, o0000024b77895788;  0 drivers
v0000024b77934f50_0 .net "Imm_Ext", 31 0, L_0000024b77997b10;  1 drivers
o0000024b778957e8 .functor BUFZ 32, C4<zzzzzzzzzzzzzzzzzzzzzzzzzzzzzzzz>; HiZ drive
v0000024b779359f0_0 .net "In", 31 0, o0000024b778957e8;  0 drivers
L_0000024b7793b700 .functor BUFT 1, C4<00>, C4<0>, C4<0>, C4<0>;
v0000024b77935770_0 .net/2u *"_ivl_0", 1 0, L_0000024b7793b700;  1 drivers
v0000024b77935130_0 .net *"_ivl_10", 31 0, L_0000024b77997ed0;  1 drivers
L_0000024b7793b748 .functor BUFT 1, C4<01>, C4<0>, C4<0>, C4<0>;
v0000024b77935810_0 .net/2u *"_ivl_12", 1 0, L_0000024b7793b748;  1 drivers
v0000024b77935b30_0 .net *"_ivl_14", 0 0, L_0000024b779980b0;  1 drivers
v0000024b77936430_0 .net *"_ivl_17", 0 0, L_0000024b779967b0;  1 drivers
v0000024b77936a70_0 .net *"_ivl_18", 19 0, L_0000024b779963f0;  1 drivers
v0000024b77937a10_0 .net *"_ivl_2", 0 0, L_0000024b77996350;  1 drivers
v0000024b77936890_0 .net *"_ivl_21", 6 0, L_0000024b77997430;  1 drivers
v0000024b77938230_0 .net *"_ivl_23", 4 0, L_0000024b77996990;  1 drivers
v0000024b77937b50_0 .net *"_ivl_24", 31 0, L_0000024b77998330;  1 drivers
L_0000024b7793b790 .functor BUFT 1, C4<00000000000000000000000000000000>, C4<0>, C4<0>, C4<0>;
v0000024b77936f70_0 .net/2u *"_ivl_26", 31 0, L_0000024b7793b790;  1 drivers
v0000024b77937ab0_0 .net *"_ivl_28", 31 0, L_0000024b77996490;  1 drivers
v0000024b779376f0_0 .net *"_ivl_5", 0 0, L_0000024b779981f0;  1 drivers
v0000024b77936c50_0 .net *"_ivl_6", 19 0, L_0000024b77998290;  1 drivers
v0000024b77938410_0 .net *"_ivl_9", 11 0, L_0000024b77997610;  1 drivers
L_0000024b77996350 .cmp/eq 2, o0000024b77895788, L_0000024b7793b700;
L_0000024b779981f0 .part o0000024b778957e8, 31, 1;
LS_0000024b77998290_0_0 .concat [ 1 1 1 1], L_0000024b779981f0, L_0000024b779981f0, L_0000024b779981f0, L_0000024b779981f0;
LS_0000024b77998290_0_4 .concat [ 1 1 1 1], L_0000024b779981f0, L_0000024b779981f0, L_0000024b779981f0, L_0000024b779981f0;
LS_0000024b77998290_0_8 .concat [ 1 1 1 1], L_0000024b779981f0, L_0000024b779981f0, L_0000024b779981f0, L_0000024b779981f0;
LS_0000024b77998290_0_12 .concat [ 1 1 1 1], L_0000024b779981f0, L_0000024b779981f0, L_0000024b779981f0, L_0000024b779981f0;
LS_0000024b77998290_0_16 .concat [ 1 1 1 1], L_0000024b779981f0, L_0000024b779981f0, L_0000024b779981f0, L_0000024b779981f0;
LS_0000024b77998290_1_0 .concat [ 4 4 4 4], LS_0000024b77998290_0_0, LS_0000024b77998290_0_4, LS_0000024b77998290_0_8, LS_0000024b77998290_0_12;
LS_0000024b77998290_1_4 .concat [ 4 0 0 0], LS_0000024b77998290_0_16;
L_0000024b77998290 .concat [ 16 4 0 0], LS_0000024b77998290_1_0, LS_0000024b77998290_1_4;
L_0000024b77997610 .part o0000024b778957e8, 20, 12;
L_0000024b77997ed0 .concat [ 12 20 0 0], L_0000024b77997610, L_0000024b77998290;
L_0000024b779980b0 .cmp/eq 2, o0000024b77895788, L_0000024b7793b748;
L_0000024b779967b0 .part o0000024b778957e8, 31, 1;
LS_0000024b779963f0_0_0 .concat [ 1 1 1 1], L_0000024b779967b0, L_0000024b779967b0, L_0000024b779967b0, L_0000024b779967b0;
LS_0000024b779963f0_0_4 .concat [ 1 1 1 1], L_0000024b779967b0, L_0000024b779967b0, L_0000024b779967b0, L_0000024b779967b0;
LS_0000024b779963f0_0_8 .concat [ 1 1 1 1], L_0000024b779967b0, L_0000024b779967b0, L_0000024b779967b0, L_0000024b779967b0;
LS_0000024b779963f0_0_12 .concat [ 1 1 1 1], L_0000024b779967b0, L_0000024b779967b0, L_0000024b779967b0, L_0000024b779967b0;
LS_0000024b779963f0_0_16 .concat [ 1 1 1 1], L_0000024b779967b0, L_0000024b779967b0, L_0000024b779967b0, L_0000024b779967b0;
LS_0000024b779963f0_1_0 .concat [ 4 4 4 4], LS_0000024b779963f0_0_0, LS_0000024b779963f0_0_4, LS_0000024b779963f0_0_8, LS_0000024b779963f0_0_12;
LS_0000024b779963f0_1_4 .concat [ 4 0 0 0], LS_0000024b779963f0_0_16;
L_0000024b779963f0 .concat [ 16 4 0 0], LS_0000024b779963f0_1_0, LS_0000024b779963f0_1_4;
L_0000024b77997430 .part o0000024b778957e8, 25, 7;
L_0000024b77996990 .part o0000024b778957e8, 7, 5;
L_0000024b77998330 .concat [ 5 7 20 0], L_0000024b77996990, L_0000024b77997430, L_0000024b779963f0;
L_0000024b77996490 .functor MUXZ 32, L_0000024b7793b790, L_0000024b77998330, L_0000024b779980b0, C4<>;
L_0000024b77997b10 .functor MUXZ 32, L_0000024b77996490, L_0000024b77997ed0, L_0000024b77996350, C4<>;
    .scope S_0000024b77855ae0;
T_0 ;
    %wait E_0000024b77882920;
    %load/vec4 v0000024b77932ea0_0;
    %flag_set/vec4 8;
    %jmp/0xz  T_0.0, 8;
    %load/vec4 v0000024b779329a0_0;
    %ix/getv 3, v0000024b77933a80_0;
    %ix/load 4, 0, 0; Constant delay
    %assign/vec4/a/d v0000024b779338a0, 0, 4;
T_0.0 ;
    %jmp T_0;
    .thread T_0;
    .scope S_0000024b77855ae0;
T_1 ;
    %pushi/vec4 0, 0, 32;
    %ix/load 4, 0, 0;
    %flag_set/imm 4, 0;
    %store/vec4a v0000024b779338a0, 4, 0;
    %end;
    .thread T_1;
    .scope S_0000024b77855c70;
T_2 ;
    %pushi/vec4 6595619, 0, 32;
    %ix/load 4, 0, 0;
    %flag_set/imm 4, 0;
    %store/vec4a v0000024b77933b20, 4, 0;
    %end;
    .thread T_2;
    .scope S_0000024b77835d10;
T_3 ;
    %wait E_0000024b778827a0;
    %load/vec4 v0000024b77934370_0;
    %cmpi/e 0, 0, 1;
    %jmp/0xz  T_3.0, 4;
    %pushi/vec4 0, 0, 32;
    %assign/vec4 v0000024b77934550_0, 0;
    %jmp T_3.1;
T_3.0 ;
    %load/vec4 v0000024b779354f0_0;
    %assign/vec4 v0000024b77934550_0, 0;
T_3.1 ;
    %jmp T_3;
    .thread T_3;
    .scope S_0000024b7784fcc0;
T_4 ;
    %wait E_0000024b778825e0;
    %load/vec4 v0000024b779351d0_0;
    %load/vec4 v0000024b77935450_0;
    %pushi/vec4 0, 0, 5;
    %cmp/ne;
    %flag_get/vec4 4;
    %and;
    %flag_set/vec4 8;
    %jmp/0xz  T_4.0, 8;
    %load/vec4 v0000024b77934230_0;
    %load/vec4 v0000024b77935450_0;
    %pad/u 7;
    %ix/vec4 3;
    %ix/load 4, 0, 0; Constant delay
    %assign/vec4/a/d v0000024b77935950, 0, 4;
T_4.0 ;
    %jmp T_4;
    .thread T_4;
    .scope S_0000024b7784fcc0;
T_5 ;
    %pushi/vec4 0, 0, 32;
    %ix/load 4, 0, 0;
    %flag_set/imm 4, 0;
    %store/vec4a v0000024b77935950, 4, 0;
    %end;
    .thread T_5;
# The file index is used to find the file name in the following table.
:file_names 13;
    "N/A";
    "<interactive>";
    "./ALU.v";
    "./Control_Unit_Top.v";
    "./ALU_Decoder.v";
    "./Main_Decoder.v";
    "./Data_Memory.v";
    "./Instruction_Memory.v";
    "./Mux.v";
    "./PC_Adder.v";
    "./PC_Module.v";
    "./Register_File.v";
    "./Sign_Extend.v";
